<?xml version="1.0" encoding="UTF-8"?>
<!-- Generated by org.testng.reporters.JUnitXMLReporter -->
<testsuite ignored="3" hostname="Stig-laptop" failures="0" tests="1" name="Test1" time="6.723" errors="0" timestamp="2025-03-18T18:43:53 IST">
  <testcase classname="test_script.Login_test" name="verifyTheUserIsAbleToLoginUsingValidCredentials" time="1.815"/>
  <testcase classname="test_script.Login_test" name="verifyInvalidpasswordEntry" time="0.0">
    <ignored/>
  </testcase> <!-- verifyInvalidpasswordEntry -->
  <testcase classname="test_script.Login_test" name="verifyInvalidUsernameAndPassword" time="0.0">
    <ignored/>
  </testcase> <!-- verifyInvalidUsernameAndPassword -->
  <testcase classname="test_script.Login_test" name="verifyInvalidUserEntry" time="0.0">
    <ignored/>
  </testcase> <!-- verifyInvalidUserEntry -->
</testsuite> <!-- Test1 -->
