<?xml version="1.0" encoding="UTF-8"?>
<testng-results ignored="0" total="2" passed="2" failed="0" skipped="0">
  <reporter-output>
  </reporter-output>
  <suite started-at="2025-03-18T11:18:52 IST" name="multibrowsertesting" finished-at="2025-03-18T11:19:02 IST" duration-ms="9372">
    <groups>
    </groups>
    <test started-at="2025-03-18T11:18:52 IST" name="Test1" finished-at="2025-03-18T11:19:02 IST" duration-ms="9372">
      <class name="test_script.ManageContacts_test">
        <test-method is-config="true" signature="initializerbrowser(java.lang.String)[pri:0, instance:test_script.ManageContacts_test@49e53c76]" started-at="2025-03-18T11:18:53 IST" name="initializerbrowser" finished-at="2025-03-18T11:18:57 IST" duration-ms="4354" status="PASS">
          <params>
            <param index="0">
              <value>
                <![CDATA[Chrome]]>
              </value>
            </param>
          </params>
          <reporter-output>
          </reporter-output>
        </test-method> <!-- initializerbrowser -->
        <test-method signature="manageContact()[pri:0, instance:test_script.ManageContacts_test@49e53c76]" started-at="2025-03-18T11:18:57 IST" name="manageContact" finished-at="2025-03-18T11:19:02 IST" duration-ms="4973" status="PASS">
          <reporter-output>
          </reporter-output>
        </test-method> <!-- manageContact -->
        <test-method is-config="true" signature="quitandclose()[pri:0, instance:test_script.ManageContacts_test@49e53c76]" started-at="2025-03-18T11:19:02 IST" name="quitandclose" finished-at="2025-03-18T11:19:02 IST" duration-ms="0" status="PASS">
          <reporter-output>
          </reporter-output>
        </test-method> <!-- quitandclose -->
      </class> <!-- test_script.ManageContacts_test -->
      <class name="test_script.ManageNews_test">
        <test-method is-config="true" signature="initializerbrowser(java.lang.String)[pri:0, instance:test_script.ManageNews_test@1bb5a082]" started-at="2025-03-18T11:18:53 IST" name="initializerbrowser" finished-at="2025-03-18T11:18:57 IST" duration-ms="4037" status="PASS">
          <params>
            <param index="0">
              <value>
                <![CDATA[Chrome]]>
              </value>
            </param>
          </params>
          <reporter-output>
          </reporter-output>
        </test-method> <!-- initializerbrowser -->
        <test-method signature="login()[pri:1, instance:test_script.ManageNews_test@1bb5a082]" started-at="2025-03-18T11:18:57 IST" name="login" finished-at="2025-03-18T11:19:01 IST" duration-ms="4416" status="PASS">
          <reporter-output>
          </reporter-output>
        </test-method> <!-- login -->
        <test-method is-config="true" signature="quitandclose()[pri:0, instance:test_script.ManageNews_test@1bb5a082]" started-at="2025-03-18T11:19:01 IST" name="quitandclose" finished-at="2025-03-18T11:19:01 IST" duration-ms="1" status="PASS">
          <reporter-output>
          </reporter-output>
        </test-method> <!-- quitandclose -->
      </class> <!-- test_script.ManageNews_test -->
    </test> <!-- Test1 -->
  </suite> <!-- multibrowsertesting -->
</testng-results>
