<?xml version="1.0" encoding="UTF-8"?>
<!-- Generated by org.testng.reporters.JUnitXMLReporter -->
<testsuite ignored="1" hostname="Stig-laptop" failures="0" tests="4" name="Test" time="30.431" errors="0" timestamp="2025-03-17T10:38:29 IST">
  <testcase classname="test_script.Login_test" name="verifyTheUserIsAbleToLoginUsingValidCredentials" time="2.766"/>
  <testcase classname="test_script.Login_test" name="verifyInvalidpasswordEntry" time="0.685"/>
  <testcase classname="test_script.Login_test" name="verifyInvalidUsernameAndPassword" time="0.621"/>
  <testcase classname="test_script.ManageContacts_test" name="manageContact" time="6.116"/>
  <testcase classname="test_script.Login_test" name="verifyInvalidUserEntry" time="0.0">
    <ignored/>
  </testcase> <!-- verifyInvalidUserEntry -->
</testsuite> <!-- Test -->
